2026-04-29 12:39:06,322 INFO o.a.j.u.JMeterUtils: Setting Locale to es_ES
2026-04-29 12:39:06,333 INFO o.a.j.u.JMeterUtils: Could not find resources for 'es_ES', using 'es'
2026-04-29 12:39:06,334 INFO o.a.j.JMeter: Loading user properties from: user.properties
2026-04-29 12:39:06,334 INFO o.a.j.JMeter: Loading system properties from: system.properties
2026-04-29 12:39:06,338 INFO o.a.j.JMeter: Copyright (c) 1998-2022 The Apache Software Foundation
2026-04-29 12:39:06,338 INFO o.a.j.JMeter: Version 5.5
2026-04-29 12:39:06,338 INFO o.a.j.JMeter: java.version=26
2026-04-29 12:39:06,338 INFO o.a.j.JMeter: java.vm.name=Java HotSpot(TM) 64-Bit Server VM
2026-04-29 12:39:06,338 INFO o.a.j.JMeter: os.name=Windows 11
2026-04-29 12:39:06,339 INFO o.a.j.JMeter: os.arch=amd64
2026-04-29 12:39:06,339 INFO o.a.j.JMeter: os.version=10.0
2026-04-29 12:39:06,339 INFO o.a.j.JMeter: file.encoding=UTF-8
2026-04-29 12:39:06,339 INFO o.a.j.JMeter: java.awt.headless=null
2026-04-29 12:39:06,339 INFO o.a.j.JMeter: Max memory     =8514437120
2026-04-29 12:39:06,339 INFO o.a.j.JMeter: Available Processors =16
2026-04-29 12:39:06,346 INFO o.a.j.JMeter: Default Locale=español (España)
2026-04-29 12:39:06,346 INFO o.a.j.JMeter: JMeter  Locale=español (España)
2026-04-29 12:39:06,347 INFO o.a.j.JMeter: JMeterHome=C:\Users\Cris\Desktop\Tema4y6\apache-jmeter-5.5
2026-04-29 12:39:06,347 INFO o.a.j.JMeter: user.dir  =C:\Users\Cris\Desktop\Tema4y6\apache-jmeter-5.5\bin
2026-04-29 12:39:06,347 INFO o.a.j.JMeter: PWD       =C:\Users\Cris\Desktop\Tema4y6\apache-jmeter-5.5\bin
2026-04-29 12:39:06,348 INFO o.a.j.JMeter: IP: 192.168.0.27 Name: cristina FullName: host.docker.internal
2026-04-29 12:39:06,354 INFO o.a.j.JMeter: Loaded icon properties from org/apache/jmeter/images/icon.properties
2026-04-29 12:39:06,458 INFO o.a.j.JMeterGuiLauncher: Setting LAF to: com.github.weisj.darklaf.DarkLaf:com.github.weisj.darklaf.theme.DarculaTheme
2026-04-29 12:39:31,007 INFO o.a.j.s.FileServer: Default base='C:\Users\Cris\Desktop\Tema4y6\apache-jmeter-5.5\bin'
2026-04-29 12:39:31,008 INFO o.a.j.g.a.Load: Loading file: C:\Users\Cris\Desktop\Tema4y6\helloworld\test\jmeter\test-plain.jmx
2026-04-29 12:39:31,008 INFO o.a.j.s.FileServer: Set new base='C:\Users\Cris\Desktop\Tema4y6\helloworld\test\jmeter'
2026-04-29 12:39:31,183 INFO o.a.j.s.SaveService: Testplan (JMX) version: 2.2. Testlog (JTL) version: 2.2
2026-04-29 12:39:31,192 INFO o.a.j.s.SaveService: Using SaveService properties version 5.0
2026-04-29 12:39:31,193 INFO o.a.j.s.SaveService: Using SaveService properties file encoding UTF-8
2026-04-29 12:39:31,194 INFO o.a.j.s.SaveService: Loading file: C:\Users\Cris\Desktop\Tema4y6\helloworld\test\jmeter\test-plain.jmx
2026-04-29 12:39:31,208 INFO o.a.j.p.h.s.HTTPSamplerBase: Parser for text/html is org.apache.jmeter.protocol.http.parser.LagartoBasedHtmlParser
2026-04-29 12:39:31,208 INFO o.a.j.p.h.s.HTTPSamplerBase: Parser for application/xhtml+xml is org.apache.jmeter.protocol.http.parser.LagartoBasedHtmlParser
2026-04-29 12:39:31,208 INFO o.a.j.p.h.s.HTTPSamplerBase: Parser for application/xml is org.apache.jmeter.protocol.http.parser.LagartoBasedHtmlParser
2026-04-29 12:39:31,208 INFO o.a.j.p.h.s.HTTPSamplerBase: Parser for text/xml is org.apache.jmeter.protocol.http.parser.LagartoBasedHtmlParser
2026-04-29 12:39:31,208 INFO o.a.j.p.h.s.HTTPSamplerBase: Parser for text/vnd.wap.wml is org.apache.jmeter.protocol.http.parser.RegexpHTMLParser
2026-04-29 12:39:31,208 INFO o.a.j.p.h.s.HTTPSamplerBase: Parser for text/css is org.apache.jmeter.protocol.http.parser.CssParser
2026-04-29 12:39:31,316 INFO o.a.j.s.FileServer: Set new base='C:\Users\Cris\Desktop\Tema4y6\helloworld\test\jmeter'
2026-04-29 12:39:53,225 ERROR o.a.j.g.a.AbstractAction: Could not delete existing file C:\Users\Cris\Desktop\Tema4y6\apache-jmeter-5.5\bin
2026-04-29 12:39:56,961 INFO o.a.j.e.StandardJMeterEngine: Running the test!
2026-04-29 12:39:56,963 INFO o.a.j.s.SampleEvent: List of sample_variables: []
2026-04-29 12:39:56,963 INFO o.a.j.s.SampleEvent: List of sample_variables: []
2026-04-29 12:39:56,965 INFO o.a.j.e.u.CompoundVariable: Note: Function class names must contain the string: '.functions.'
2026-04-29 12:39:56,965 INFO o.a.j.e.u.CompoundVariable: Note: Function class names must not contain the string: '.gui.'
2026-04-29 12:39:56,994 INFO o.a.j.g.u.JMeterMenuBar: setRunning(true, *local*)
2026-04-29 12:39:57,057 INFO o.a.j.e.StandardJMeterEngine: Starting ThreadGroup: 1 : test-plain
2026-04-29 12:39:57,057 INFO o.a.j.e.StandardJMeterEngine: Starting 5 threads for group test-plain.
2026-04-29 12:39:57,058 INFO o.a.j.e.StandardJMeterEngine: Thread will continue on error
2026-04-29 12:39:57,058 INFO o.a.j.t.ThreadGroup: Starting thread group... number=1 threads=5 ramp-up=1 delayedStart=false
2026-04-29 12:39:57,063 INFO o.a.j.t.ThreadGroup: Started thread group number 1
2026-04-29 12:39:57,063 INFO o.a.j.e.StandardJMeterEngine: All thread groups have been started
2026-04-29 12:39:57,064 INFO o.a.j.t.JMeterThread: Thread started: test-plain 1-1
2026-04-29 12:39:57,073 INFO o.a.j.p.h.s.HTTPHCAbstractImpl: Local host = cristina
2026-04-29 12:39:57,079 INFO o.a.j.p.h.s.HTTPHC4Impl: HTTP request retry count = 0
2026-04-29 12:39:57,080 INFO o.a.j.s.SampleResult: Note: Sample TimeStamps are START times
2026-04-29 12:39:57,080 INFO o.a.j.s.SampleResult: sampleresult.default.encoding is set to ISO-8859-1
2026-04-29 12:39:57,080 INFO o.a.j.s.SampleResult: sampleresult.useNanoTime=true
2026-04-29 12:39:57,080 INFO o.a.j.s.SampleResult: sampleresult.nanoThreadSleep=5000
2026-04-29 12:39:57,219 INFO o.a.j.t.JMeterThread: Thread is done: test-plain 1-1
2026-04-29 12:39:57,220 INFO o.a.j.t.JMeterThread: Thread finished: test-plain 1-1
2026-04-29 12:39:57,261 INFO o.a.j.t.JMeterThread: Thread started: test-plain 1-2
2026-04-29 12:39:57,336 INFO o.a.j.t.JMeterThread: Thread is done: test-plain 1-2
2026-04-29 12:39:57,336 INFO o.a.j.t.JMeterThread: Thread finished: test-plain 1-2
2026-04-29 12:39:57,461 INFO o.a.j.t.JMeterThread: Thread started: test-plain 1-3
2026-04-29 12:39:57,541 INFO o.a.j.t.JMeterThread: Thread is done: test-plain 1-3
2026-04-29 12:39:57,541 INFO o.a.j.t.JMeterThread: Thread finished: test-plain 1-3
2026-04-29 12:39:57,661 INFO o.a.j.t.JMeterThread: Thread started: test-plain 1-4
2026-04-29 12:39:57,718 INFO o.a.j.t.JMeterThread: Thread is done: test-plain 1-4
2026-04-29 12:39:57,718 INFO o.a.j.t.JMeterThread: Thread finished: test-plain 1-4
2026-04-29 12:39:57,861 INFO o.a.j.t.JMeterThread: Thread started: test-plain 1-5
2026-04-29 12:39:57,926 INFO o.a.j.t.JMeterThread: Thread is done: test-plain 1-5
2026-04-29 12:39:57,926 INFO o.a.j.t.JMeterThread: Thread finished: test-plain 1-5
2026-04-29 12:39:57,926 INFO o.a.j.e.StandardJMeterEngine: Notifying test listeners of end of test
2026-04-29 12:39:57,927 INFO o.a.j.g.u.JMeterMenuBar: setRunning(false, *local*)
